[0.009s] Invoking command in '/home/lunet/ttcc4/direct_motor_control_ws/build/ai_motor_controller': CMAKE_PREFIX_PATH=${CMAKE_PREFIX_PATH}:/opt/ros/rolling CONDA_PROMPT_MODIFIER=(base) DEBUGINFOD_URLS=https://debuginfod.ubuntu.com /home/lunet/ttcc4/anaconda3/bin/cmake --build /home/lunet/ttcc4/direct_motor_control_ws/build/ai_motor_controller -- -j8 -l8
[0.186s] [ 50%] [32mBuilding CXX object CMakeFiles/lemniscate.dir/src/lemniscate.cpp.o[0m
[0.187s] [ 50%] [32mBuilding CXX object CMakeFiles/wrench.dir/src/wrench_disturbance.cpp.o[0m
[0.365s] [ 75%] [32m[1mLinking CXX executable wrench[0m
[2.656s] [ 75%] Built target wrench
[12.119s] [01m[K/home/lunet/ttcc4/direct_motor_control_ws/src/ai_motor_controller/src/lemniscate.cpp:[m[K In member function â€˜[01m[Kvoid OffboardControl::[01;32m[KrvolmeaControl[m[K()[m[Kâ€™:
[12.120s] [01m[K/home/lunet/ttcc4/direct_motor_control_ws/src/ai_motor_controller/src/lemniscate.cpp:609:37:[m[K [01;31m[Kerror: [m[Kâ€˜[01m[Kgoal_position[m[Kâ€™ was not declared in this scope; did you mean â€˜[01m[Klocal_position_x_[m[Kâ€™?
[12.120s]   609 |     Eigen::Vector3d goal_pos_pred = [01;31m[Kgoal_position[m[K + coefs[9] * (goal_position - position);
[12.121s]       |                                     [01;31m[K^~~~~~~~~~~~~[m[K
[12.121s]       |                                     [32m[Klocal_position_x_[m[K
[12.121s] [01m[K/home/lunet/ttcc4/direct_motor_control_ws/src/ai_motor_controller/src/lemniscate.cpp:625:56:[m[K [01;31m[Kerror: [m[Kâ€˜[01m[Kvel_mag[m[Kâ€™ was not declared in this scope
[12.126s]   625 |         std::cout << "[DEBUG] Velocity Magnitude: " << [01;31m[Kvel_mag[m[K << "\n";
[12.126s]       |                                                        [01;31m[K^~~~~~~[m[K
[12.126s] [01m[K/home/lunet/ttcc4/direct_motor_control_ws/src/ai_motor_controller/src/lemniscate.cpp:626:65:[m[K [01;31m[Kerror: [m[Kâ€˜[01m[Kcurrent_sliding_window_size[m[Kâ€™ was not declared in this scope
[12.126s]   626 |         std::cout << "[DEBUG] Updated Sliding Window Size: " << [01;31m[Kcurrent_sliding_window_size[m[K << "\n";
[12.126s]       |                                                                 [01;31m[K^~~~~~~~~~~~~~~~~~~~~~~~~~~[m[K
[12.126s] [01m[K/home/lunet/ttcc4/direct_motor_control_ws/src/ai_motor_controller/src/lemniscate.cpp:651:8:[m[K [01;31m[Kerror: [m[Kâ€˜[01m[Kts[m[Kâ€™ was not declared in this scope; did you mean â€˜[01m[Kt[m[Kâ€™?
[12.127s]   651 |     if([01;31m[Kts[m[K > 0)
[12.128s]       |        [01;31m[K^~[m[K
[12.128s]       |        [32m[Kt[m[K
[12.128s] [01m[K/home/lunet/ttcc4/direct_motor_control_ws/src/ai_motor_controller/src/lemniscate.cpp:669:21:[m[K [01;31m[Kerror: [m[Kredeclaration of â€˜[01m[KEigen::Vector3f thrust_direction[m[Kâ€™
[12.128s]   669 |     Eigen::Vector3f [01;31m[Kthrust_direction[m[K = (norm_acc > 1e-6f) ? (target_acceleration / norm_acc) : Eigen::Vector3f(0.0f, 0.0f, 1.0f);
[12.128s]       |                     [01;31m[K^~~~~~~~~~~~~~~~[m[K
[12.129s] [01m[K/home/lunet/ttcc4/direct_motor_control_ws/src/ai_motor_controller/src/lemniscate.cpp:666:21:[m[K [01;36m[Knote: [m[Kâ€˜[01m[KEigen::Vector3f thrust_direction[m[Kâ€™ previously declared here
[12.129s]   666 |     Eigen::Vector3f [01;36m[Kthrust_direction[m[K = target_acceleration.normalized();
[12.129s]       |                     [01;36m[K^~~~~~~~~~~~~~~~[m[K
[12.129s] [01m[K/home/lunet/ttcc4/direct_motor_control_ws/src/ai_motor_controller/src/lemniscate.cpp:703:49:[m[K [01;31m[Kerror: [m[Kâ€˜[01m[Kstate_omega[m[Kâ€™ was not declared in this scope
[12.129s]   703 |         std::cout << "[DEBUG] State Omega: " << [01;31m[Kstate_omega[m[K.transpose() << "\n";
[12.129s]       |                                                 [01;31m[K^~~~~~~~~~~[m[K
[12.129s] [01m[K/home/lunet/ttcc4/direct_motor_control_ws/src/ai_motor_controller/src/lemniscate.cpp:714:39:[m[K [01;31m[Kerror: [m[Kâ€˜[01m[Kmax_thrust[m[Kâ€™ was not declared in this scope; did you mean â€˜[01m[Kmin_thrust[m[Kâ€™?
[12.131s]   714 |     constexpr double max_thrust_val = [01;31m[Kmax_thrust[m[K*4.0;
[12.131s]       |                                       [01;31m[K^~~~~~~~~~[m[K
[12.131s]       |                                       [32m[Kmin_thrust[m[K
[12.131s] gmake[2]: *** [CMakeFiles/lemniscate.dir/build.make:76: CMakeFiles/lemniscate.dir/src/lemniscate.cpp.o] Error 1
[12.131s] gmake[1]: *** [CMakeFiles/Makefile2:139: CMakeFiles/lemniscate.dir/all] Error 2
[12.131s] gmake: *** [Makefile:146: all] Error 2
[12.133s] Invoked command in '/home/lunet/ttcc4/direct_motor_control_ws/build/ai_motor_controller' returned '2': CMAKE_PREFIX_PATH=${CMAKE_PREFIX_PATH}:/opt/ros/rolling CONDA_PROMPT_MODIFIER=(base) DEBUGINFOD_URLS=https://debuginfod.ubuntu.com /home/lunet/ttcc4/anaconda3/bin/cmake --build /home/lunet/ttcc4/direct_motor_control_ws/build/ai_motor_controller -- -j8 -l8
