[0.012s] Invoking command in '/home/lunet/ttcc4/direct_motor_control_ws/build/ai_motor_controller': CMAKE_PREFIX_PATH=${CMAKE_PREFIX_PATH}:/opt/ros/rolling CONDA_PROMPT_MODIFIER=(base) DEBUGINFOD_URLS=https://debuginfod.ubuntu.com /home/lunet/ttcc4/anaconda3/bin/cmake --build /home/lunet/ttcc4/direct_motor_control_ws/build/ai_motor_controller -- -j8 -l8
[0.093s] [ 25%] [32mBuilding CXX object CMakeFiles/lemniscate.dir/src/lemniscate.cpp.o[0m
[0.094s] [ 75%] Built target wrench
[12.343s] [01m[K/home/lunet/ttcc4/direct_motor_control_ws/src/ai_motor_controller/src/lemniscate.cpp:[m[K In member function â€˜[01m[Kvoid OffboardControl::[01;32m[KrvolmeaControl[m[K()[m[Kâ€™:
[12.343s] [01m[K/home/lunet/ttcc4/direct_motor_control_ws/src/ai_motor_controller/src/lemniscate.cpp:636:21:[m[K [01;31m[Kerror: [m[Kâ€˜[01m[Kypr[m[Kâ€™ was not declared in this scope
[12.343s]   636 |         yaw_sp_prev=[01;31m[Kypr[m[K[0];
[12.343s]       |                     [01;31m[K^~~[m[K
[12.343s] [01m[K/home/lunet/ttcc4/direct_motor_control_ws/src/ai_motor_controller/src/lemniscate.cpp:639:19:[m[K [01;31m[Kerror: [m[Kâ€˜[01m[Kgoal_position[m[Kâ€™ was not declared in this scope; did you mean â€˜[01m[Klocal_position_x_[m[Kâ€™?
[12.343s]   639 |         prev_goal=[01;31m[Kgoal_position[m[K;
[12.343s]       |                   [01;31m[K^~~~~~~~~~~~~[m[K
[12.343s]       |                   [32m[Klocal_position_x_[m[K
[12.344s] [01m[K/home/lunet/ttcc4/direct_motor_control_ws/src/ai_motor_controller/src/lemniscate.cpp:641:18:[m[K [01;31m[Kerror: [m[Kâ€˜[01m[Klinear_velocity[m[Kâ€™ was not declared in this scope
[12.344s]   641 |         vel_prev=[01;31m[Klinear_velocity[m[K;
[12.344s]       |                  [01;31m[K^~~~~~~~~~~~~~~[m[K
[12.344s] [01m[K/home/lunet/ttcc4/direct_motor_control_ws/src/ai_motor_controller/src/lemniscate.cpp:679:23:[m[K [01;31m[Kerror: [m[Kno matching function for call to â€˜[01m[Kclamp(float, double, double)[m[Kâ€™
[12.344s]   679 |     z_int = [01;31m[Kstd::clamp(z_int + z_err*dt, -1.0,1.0)[m[K;
[12.344s]       |             [01;31m[K~~~~~~~~~~^~~~~~~~~~~~~~~~~~~~~~~~~~~~[m[K
[12.344s] In file included from [01m[K/usr/include/c++/13/algorithm:61[m[K,
[12.344s]                  from [01m[K/home/lunet/ttcc4/ws_sensor_combined/install/px4_msgs/include/px4_msgs/px4_msgs/msg/detail/offboard_control_mode__struct.hpp:11[m[K,
[12.344s]                  from [01m[K/home/lunet/ttcc4/ws_sensor_combined/install/px4_msgs/include/px4_msgs/px4_msgs/msg/offboard_control_mode.hpp:7[m[K,
[12.344s]                  from [01m[K/home/lunet/ttcc4/direct_motor_control_ws/src/ai_motor_controller/src/lemniscate.cpp:1[m[K:
[12.344s] [01m[K/usr/include/c++/13/bits/stl_algo.h:3667:5:[m[K [01;36m[Knote: [m[Kcandidate: â€˜[01m[Ktemplate<class _Tp> constexpr const _Tp& std::[01;32m[Kclamp[m[K(const _Tp&, const _Tp&, const _Tp&)[m[Kâ€™
[12.344s]  3667 |     [01;36m[Kclamp[m[K(const _Tp& __val, const _Tp& __lo, const _Tp& __hi)
[12.344s]       |     [01;36m[K^~~~~[m[K
[12.344s] [01m[K/usr/include/c++/13/bits/stl_algo.h:3667:5:[m[K [01;36m[Knote: [m[K  template argument deduction/substitution failed:
[12.344s] [01m[K/home/lunet/ttcc4/direct_motor_control_ws/src/ai_motor_controller/src/lemniscate.cpp:679:23:[m[K [01;36m[Knote: [m[K  deduced conflicting types for parameter â€˜[01m[Kconst _Tp[m[Kâ€™ (â€˜[01m[Kfloat[m[Kâ€™ and â€˜[01m[Kdouble[m[Kâ€™)
[12.344s]   679 |     z_int = [01;36m[Kstd::clamp(z_int + z_err*dt, -1.0,1.0)[m[K;
[12.344s]       |             [01;36m[K~~~~~~~~~~^~~~~~~~~~~~~~~~~~~~~~~~~~~~[m[K
[12.344s] [01m[K/usr/include/c++/13/bits/stl_algo.h:3687:5:[m[K [01;36m[Knote: [m[Kcandidate: â€˜[01m[Ktemplate<class _Tp, class _Compare> constexpr const _Tp& std::[01;32m[Kclamp[m[K(const _Tp&, const _Tp&, const _Tp&, _Compare)[m[Kâ€™
[12.344s]  3687 |     [01;36m[Kclamp[m[K(const _Tp& __val, const _Tp& __lo, const _Tp& __hi, _Compare __comp)
[12.344s]       |     [01;36m[K^~~~~[m[K
[12.345s] [01m[K/usr/include/c++/13/bits/stl_algo.h:3687:5:[m[K [01;36m[Knote: [m[K  template argument deduction/substitution failed:
[12.345s] [01m[K/home/lunet/ttcc4/direct_motor_control_ws/src/ai_motor_controller/src/lemniscate.cpp:679:23:[m[K [01;36m[Knote: [m[K  deduced conflicting types for parameter â€˜[01m[Kconst _Tp[m[Kâ€™ (â€˜[01m[Kfloat[m[Kâ€™ and â€˜[01m[Kdouble[m[Kâ€™)
[12.345s]   679 |     z_int = [01;36m[Kstd::clamp(z_int + z_err*dt, -1.0,1.0)[m[K;
[12.345s]       |             [01;36m[K~~~~~~~~~~^~~~~~~~~~~~~~~~~~~~~~~~~~~~[m[K
[12.345s] [01m[K/home/lunet/ttcc4/direct_motor_control_ws/src/ai_motor_controller/src/lemniscate.cpp:680:81:[m[K [01;31m[Kerror: [m[Kâ€˜[01m[Klinear_velocity[m[Kâ€™ was not declared in this scope; did you mean â€˜[01m[Kangular_velocity[m[Kâ€™?
[12.345s]   680 |     float u_z = coefs[1]*z_err + coefs[2]*dz_err + coefs[3]*z_int + ff[2] - cdz*[01;31m[Klinear_velocity[m[K[2];
[12.345s]       |                                                                                 [01;31m[K^~~~~~~~~~~~~~~[m[K
[12.345s]       |                                                                                 [32m[Kangular_velocity[m[K
[12.345s] [01m[K/home/lunet/ttcc4/direct_motor_control_ws/src/ai_motor_controller/src/lemniscate.cpp:688:23:[m[K [01;31m[Kerror: [m[Kno matching function for call to â€˜[01m[Kclamp(float, double, double)[m[Kâ€™
[12.345s]   688 |     x_int = [01;31m[Kstd::clamp(x_int + x_err*dt, -1.0,1.0)[m[K;
[12.345s]       |             [01;31m[K~~~~~~~~~~^~~~~~~~~~~~~~~~~~~~~~~~~~~~[m[K
[12.345s] [01m[K/usr/include/c++/13/bits/stl_algo.h:3667:5:[m[K [01;36m[Knote: [m[Kcandidate: â€˜[01m[Ktemplate<class _Tp> constexpr const _Tp& std::[01;32m[Kclamp[m[K(const _Tp&, const _Tp&, const _Tp&)[m[Kâ€™
[12.345s]  3667 |     [01;36m[Kclamp[m[K(const _Tp& __val, const _Tp& __lo, const _Tp& __hi)
[12.345s]       |     [01;36m[K^~~~~[m[K
[12.345s] [01m[K/usr/include/c++/13/bits/stl_algo.h:3667:5:[m[K [01;36m[Knote: [m[K  template argument deduction/substitution failed:
[12.345s] [01m[K/home/lunet/ttcc4/direct_motor_control_ws/src/ai_motor_controller/src/lemniscate.cpp:688:23:[m[K [01;36m[Knote: [m[K  deduced conflicting types for parameter â€˜[01m[Kconst _Tp[m[Kâ€™ (â€˜[01m[Kfloat[m[Kâ€™ and â€˜[01m[Kdouble[m[Kâ€™)
[12.345s]   688 |     x_int = [01;36m[Kstd::clamp(x_int + x_err*dt, -1.0,1.0)[m[K;
[12.345s]       |             [01;36m[K~~~~~~~~~~^~~~~~~~~~~~~~~~~~~~~~~~~~~~[m[K
[12.346s] [01m[K/usr/include/c++/13/bits/stl_algo.h:3687:5:[m[K [01;36m[Knote: [m[Kcandidate: â€˜[01m[Ktemplate<class _Tp, class _Compare> constexpr const _Tp& std::[01;32m[Kclamp[m[K(const _Tp&, const _Tp&, const _Tp&, _Compare)[m[Kâ€™
[12.346s]  3687 |     [01;36m[Kclamp[m[K(const _Tp& __val, const _Tp& __lo, const _Tp& __hi, _Compare __comp)
[12.346s]       |     [01;36m[K^~~~~[m[K
[12.346s] [01m[K/usr/include/c++/13/bits/stl_algo.h:3687:5:[m[K [01;36m[Knote: [m[K  template argument deduction/substitution failed:
[12.346s] [01m[K/home/lunet/ttcc4/direct_motor_control_ws/src/ai_motor_controller/src/lemniscate.cpp:688:23:[m[K [01;36m[Knote: [m[K  deduced conflicting types for parameter â€˜[01m[Kconst _Tp[m[Kâ€™ (â€˜[01m[Kfloat[m[Kâ€™ and â€˜[01m[Kdouble[m[Kâ€™)
[12.346s]   688 |     x_int = [01;36m[Kstd::clamp(x_int + x_err*dt, -1.0,1.0)[m[K;
[12.346s]       |             [01;36m[K~~~~~~~~~~^~~~~~~~~~~~~~~~~~~~~~~~~~~~[m[K
[12.346s] [01m[K/home/lunet/ttcc4/direct_motor_control_ws/src/ai_motor_controller/src/lemniscate.cpp:696:23:[m[K [01;31m[Kerror: [m[Kno matching function for call to â€˜[01m[Kclamp(float, double, double)[m[Kâ€™
[12.346s]   696 |     y_int = [01;31m[Kstd::clamp(y_int + y_err*dt, -1.0,1.0)[m[K;
[12.346s]       |             [01;31m[K~~~~~~~~~~^~~~~~~~~~~~~~~~~~~~~~~~~~~~[m[K
[12.346s] [01m[K/usr/include/c++/13/bits/stl_algo.h:3667:5:[m[K [01;36m[Knote: [m[Kcandidate: â€˜[01m[Ktemplate<class _Tp> constexpr const _Tp& std::[01;32m[Kclamp[m[K(const _Tp&, const _Tp&, const _Tp&)[m[Kâ€™
[12.346s]  3667 |     [01;36m[Kclamp[m[K(const _Tp& __val, const _Tp& __lo, const _Tp& __hi)
[12.346s]       |     [01;36m[K^~~~~[m[K
[12.346s] [01m[K/usr/include/c++/13/bits/stl_algo.h:3667:5:[m[K [01;36m[Knote: [m[K  template argument deduction/substitution failed:
[12.346s] [01m[K/home/lunet/ttcc4/direct_motor_control_ws/src/ai_motor_controller/src/lemniscate.cpp:696:23:[m[K [01;36m[Knote: [m[K  deduced conflicting types for parameter â€˜[01m[Kconst _Tp[m[Kâ€™ (â€˜[01m[Kfloat[m[Kâ€™ and â€˜[01m[Kdouble[m[Kâ€™)
[12.346s]   696 |     y_int = [01;36m[Kstd::clamp(y_int + y_err*dt, -1.0,1.0)[m[K;
[12.346s]       |             [01;36m[K~~~~~~~~~~^~~~~~~~~~~~~~~~~~~~~~~~~~~~[m[K
[12.347s] [01m[K/usr/include/c++/13/bits/stl_algo.h:3687:5:[m[K [01;36m[Knote: [m[Kcandidate: â€˜[01m[Ktemplate<class _Tp, class _Compare> constexpr const _Tp& std::[01;32m[Kclamp[m[K(const _Tp&, const _Tp&, const _Tp&, _Compare)[m[Kâ€™
[12.347s]  3687 |     [01;36m[Kclamp[m[K(const _Tp& __val, const _Tp& __lo, const _Tp& __hi, _Compare __comp)
[12.347s]       |     [01;36m[K^~~~~[m[K
[12.347s] [01m[K/usr/include/c++/13/bits/stl_algo.h:3687:5:[m[K [01;36m[Knote: [m[K  template argument deduction/substitution failed:
[12.347s] [01m[K/home/lunet/ttcc4/direct_motor_control_ws/src/ai_motor_controller/src/lemniscate.cpp:696:23:[m[K [01;36m[Knote: [m[K  deduced conflicting types for parameter â€˜[01m[Kconst _Tp[m[Kâ€™ (â€˜[01m[Kfloat[m[Kâ€™ and â€˜[01m[Kdouble[m[Kâ€™)
[12.347s]   696 |     y_int = [01;36m[Kstd::clamp(y_int + y_err*dt, -1.0,1.0)[m[K;
[12.347s]       |             [01;36m[K~~~~~~~~~~^~~~~~~~~~~~~~~~~~~~~~~~~~~~[m[K
[12.347s] [01m[K/home/lunet/ttcc4/direct_motor_control_ws/src/ai_motor_controller/src/lemniscate.cpp:736:28:[m[K [01;31m[Kerror: [m[Kâ€˜[01m[Kypr[m[Kâ€™ was not declared in this scope
[12.347s]   736 |     float roll_err=roll_sp-[01;31m[Kypr[m[K[2];
[12.347s]       |                            [01;31m[K^~~[m[K
[12.347s] In file included from [01m[K/usr/include/eigen3/Eigen/Core:164[m[K,
[12.348s]                  from [01m[K/usr/include/eigen3/Eigen/Dense:1[m[K,
[12.348s]                  from [01m[K/home/lunet/ttcc4/direct_motor_control_ws/src/ai_motor_controller/src/lemniscate.cpp:23[m[K:
[12.348s] /usr/include/eigen3/Eigen/src/Core/PlainObjectBase.h: In instantiation of â€˜[01m[KEigen::PlainObjectBase<Derived>::[01;32m[KPlainObjectBase[m[K(const Scalar&, const Scalar&, const Scalar&, const Scalar&, const ArgTypes& ...) [35m[K[with ArgTypes = {double, double, double, double, double, double, double, double, double, double, double, double, double, double, double, double, double, double, double, double, double, double, double}; Derived = Eigen::Matrix<float, 28, 1, 0, 28, 1>; Scalar = float][m[K[m[Kâ€™:
[12.348s] [01m[K/usr/include/eigen3/Eigen/src/Core/Matrix.h:297:37:[m[K   required from â€˜[01m[KEigen::Matrix<_Scalar, _Rows, _Cols, _Options, _MaxRows, _MaxCols>::[01;32m[KMatrix[m[K(const Scalar&, const Scalar&, const Scalar&, const Scalar&, const ArgTypes& ...) [35m[K[with ArgTypes = {double, double, double, double, double, double, double, double, double, double, double, double, double, double, double, double, double, double, double, double, double, double, double}; _Scalar = float; int _Rows = 28; int _Cols = 1; int _Options = 0; int _MaxRows = 28; int _MaxCols = 1; Scalar = float][m[K[m[Kâ€™
[12.348s] [01m[K/home/lunet/ttcc4/direct_motor_control_ws/src/ai_motor_controller/src/lemniscate.cpp:655:5:[m[K   required from here
[12.348s] [01m[K/usr/include/eigen3/Eigen/src/Core/PlainObjectBase.h:538:7:[m[K [01;31m[Kerror: [m[Kstatic assertion failed: THIS_METHOD_IS_ONLY_FOR_VECTORS_OF_A_SPECIFIC_SIZE
[12.348s]   538 |       [01;31m[KE[m[KIGEN_STATIC_ASSERT_VECTOR_SPECIFIC_SIZE(PlainObjectBase, sizeof...(args) + 4);
[12.348s]       |       [01;31m[K^[m[K
[12.348s] [01m[K/usr/include/eigen3/Eigen/src/Core/PlainObjectBase.h:538:7:[m[K [01;36m[Knote: [m[Kthe comparison reduces to â€˜[01m[K(28 == 27)[m[Kâ€™
[12.348s] gmake[2]: *** [CMakeFiles/lemniscate.dir/build.make:76: CMakeFiles/lemniscate.dir/src/lemniscate.cpp.o] Error 1
[12.348s] gmake[1]: *** [CMakeFiles/Makefile2:139: CMakeFiles/lemniscate.dir/all] Error 2
[12.348s] gmake: *** [Makefile:146: all] Error 2
[12.351s] Invoked command in '/home/lunet/ttcc4/direct_motor_control_ws/build/ai_motor_controller' returned '2': CMAKE_PREFIX_PATH=${CMAKE_PREFIX_PATH}:/opt/ros/rolling CONDA_PROMPT_MODIFIER=(base) DEBUGINFOD_URLS=https://debuginfod.ubuntu.com /home/lunet/ttcc4/anaconda3/bin/cmake --build /home/lunet/ttcc4/direct_motor_control_ws/build/ai_motor_controller -- -j8 -l8
