[0.048s] Invoking command in '/home/lunet/ttcc4/direct_motor_control_ws/build/ai_motor_controller': CMAKE_PREFIX_PATH=${CMAKE_PREFIX_PATH}:/opt/ros/rolling CONDA_PROMPT_MODIFIER=(base) DEBUGINFOD_URLS=https://debuginfod.ubuntu.com /home/lunet/ttcc4/anaconda3/bin/cmake --build /home/lunet/ttcc4/direct_motor_control_ws/build/ai_motor_controller -- -j8 -l8
[0.306s] [ 50%] Built target wrench
[0.323s] [ 75%] [32mBuilding CXX object CMakeFiles/lemniscate.dir/src/lemniscate.cpp.o[0m
[41.962s] [01m[K/home/lunet/ttcc4/direct_motor_control_ws/src/ai_motor_controller/src/lemniscate.cpp:[m[K In member function â€˜[01m[Kvoid OffboardControl::[01;32m[KrvolmeaControl[m[K()[m[Kâ€™:
[41.963s] [01m[K/home/lunet/ttcc4/direct_motor_control_ws/src/ai_motor_controller/src/lemniscate.cpp:603:21:[m[K [01;35m[Kwarning: [m[Kunused variable â€˜[01m[Kmax_thrust[m[Kâ€™ [[01;35m[K-Wunused-variable[m[K]
[41.963s]   603 |     constexpr float [01;35m[Kmax_thrust[m[K = 44.0f;
[41.963s]       |                     [01;35m[K^~~~~~~~~~[m[K
[41.964s] [01m[K/home/lunet/ttcc4/direct_motor_control_ws/src/ai_motor_controller/src/lemniscate.cpp:616:21:[m[K [01;35m[Kwarning: [m[Kvariable â€˜[01m[Kangular_velocity[m[Kâ€™ set but not used [[01;35m[K-Wunused-but-set-variable[m[K]
[41.964s]   616 |     Eigen::Vector3f [01;35m[Kangular_velocity[m[K = Eigen::Vector3f(local_angular_velocity_x_, local_angular_velocity_y_, local_angular_velocity_z_);
[41.964s]       |                     [01;35m[K^~~~~~~~~~~~~~~~[m[K
[41.964s] [01m[K/home/lunet/ttcc4/direct_motor_control_ws/src/ai_motor_controller/src/lemniscate.cpp:[m[K In member function â€˜[01m[KEigen::Vector4f OffboardControl::[01;32m[KgetPositionAtTime[m[K(float)[m[Kâ€™:
[41.964s] [01m[K/home/lunet/ttcc4/direct_motor_control_ws/src/ai_motor_controller/src/lemniscate.cpp:993:23:[m[K [01;31m[Kerror: [m[Kâ€˜[01m[Kprev_yaw_[m[Kâ€™ was not declared in this scope
[41.965s]   993 |     if (std::isfinite([01;31m[Kprev_yaw_[m[K)) {
[41.965s]       |                       [01;31m[K^~~~~~~~~[m[K
[41.965s] [01m[K/home/lunet/ttcc4/direct_motor_control_ws/src/ai_motor_controller/src/lemniscate.cpp:1000:5:[m[K [01;31m[Kerror: [m[Kâ€˜[01m[Kprev_yaw_[m[Kâ€™ was not declared in this scope
[41.965s]  1000 |     [01;31m[Kprev_yaw_[m[K = yaw;
[41.965s]       |     [01;31m[K^~~~~~~~~[m[K
[41.965s] [01m[K/home/lunet/ttcc4/direct_motor_control_ws/src/ai_motor_controller/src/lemniscate.cpp:991:24:[m[K [01;35m[Kwarning: [m[Kunused variable â€˜[01m[Kyaw_prev[m[Kâ€™ [[01;35m[K-Wunused-variable[m[K]
[41.965s]   991 |     static const float [01;35m[Kyaw_prev[m[K = std::numeric_limits<float>::infinity();
[41.966s]       |                        [01;35m[K^~~~~~~~[m[K
[41.979s] gmake[2]: *** [CMakeFiles/lemniscate.dir/build.make:76: CMakeFiles/lemniscate.dir/src/lemniscate.cpp.o] Error 1
[41.979s] gmake[1]: *** [CMakeFiles/Makefile2:139: CMakeFiles/lemniscate.dir/all] Error 2
[41.980s] gmake: *** [Makefile:146: all] Error 2
[42.002s] Invoked command in '/home/lunet/ttcc4/direct_motor_control_ws/build/ai_motor_controller' returned '2': CMAKE_PREFIX_PATH=${CMAKE_PREFIX_PATH}:/opt/ros/rolling CONDA_PROMPT_MODIFIER=(base) DEBUGINFOD_URLS=https://debuginfod.ubuntu.com /home/lunet/ttcc4/anaconda3/bin/cmake --build /home/lunet/ttcc4/direct_motor_control_ws/build/ai_motor_controller -- -j8 -l8
