[01m[K/home/lunet/ttcc4/direct_motor_control_ws/src/ai_motor_controller/src/lemniscate.cpp:[m[K In member function â€˜[01m[Kvoid OffboardControl::[01;32m[KrvolmeaControl[m[K()[m[Kâ€™:
[01m[K/home/lunet/ttcc4/direct_motor_control_ws/src/ai_motor_controller/src/lemniscate.cpp:657:48:[m[K [01;31m[Kerror: [m[Kâ€˜[01m[Kintegrator_dt[m[Kâ€™ was not declared in this scope
  657 |     if (e_p.norm() < yaw_p) sum_e_pos += e_p * [01;31m[Kintegrator_dt[m[K;
      |                                                [01;31m[K^~~~~~~~~~~~~[m[K
[01m[K/home/lunet/ttcc4/direct_motor_control_ws/src/ai_motor_controller/src/lemniscate.cpp:669:56:[m[K [01;31m[Kerror: [m[Kâ€˜[01m[Kintegrator_dt[m[Kâ€™ was not declared in this scope
  669 |     dist_raw += alpha * (linear_velocity - prev_vel) * [01;31m[Kintegrator_dt[m[K;
      |                                                        [01;31m[K^~~~~~~~~~~~~[m[K
[01m[K/home/lunet/ttcc4/direct_motor_control_ws/src/ai_motor_controller/src/lemniscate.cpp:675:62:[m[K [01;31m[Kerror: [m[Kâ€˜[01m[KGz[m[Kâ€™ was not declared in this scope
  675 |     Eigen::Vector3f a_des = a_pos + Eigen::Vector3f(0.0,0.0,-[01;31m[KGz[m[K) - dist_filt;
      |                                                              [01;31m[K^~[m[K
[01m[K/home/lunet/ttcc4/direct_motor_control_ws/src/ai_motor_controller/src/lemniscate.cpp:677:25:[m[K [01;31m[Kerror: [m[Kâ€˜[01m[Kmax_thrust[m[Kâ€™ was not declared in this scope; did you mean â€˜[01m[Kthrust[m[Kâ€™?
  677 |     float Tmax = 4.0f * [01;31m[Kmax_thrust[m[K;
      |                         [01;31m[K^~~~~~~~~~[m[K
      |                         [32m[Kthrust[m[K
[01m[K/home/lunet/ttcc4/direct_motor_control_ws/src/ai_motor_controller/src/lemniscate.cpp:696:18:[m[K [01;31m[Kerror: [m[Kâ€˜[01m[Kaw_p[m[Kâ€™ was not declared in this scope; did you mean â€˜[01m[Kaw_a[m[Kâ€™?
  696 |     float aw_a = [01;31m[Kaw_p[m[K;
      |                  [01;31m[K^~~~[m[K
      |                  [32m[Kaw_a[m[K
gmake[2]: *** [CMakeFiles/lemniscate.dir/build.make:76: CMakeFiles/lemniscate.dir/src/lemniscate.cpp.o] Error 1
gmake[1]: *** [CMakeFiles/Makefile2:139: CMakeFiles/lemniscate.dir/all] Error 2
gmake: *** [Makefile:146: all] Error 2
