[0.032s] Invoking command in '/home/lunet/ttcc4/direct_motor_control_ws/build/ai_motor_controller': CMAKE_PREFIX_PATH=${CMAKE_PREFIX_PATH}:/opt/ros/rolling CONDA_PROMPT_MODIFIER=(base) DEBUGINFOD_URLS=https://debuginfod.ubuntu.com /home/lunet/ttcc4/anaconda3/bin/cmake --build /home/lunet/ttcc4/direct_motor_control_ws/build/ai_motor_controller -- -j8 -l8
[0.196s] [ 25%] [32mBuilding CXX object CMakeFiles/lemniscate.dir/src/lemniscate.cpp.o[0m
[35.211s] [01m[K/home/lunet/ttcc4/direct_motor_control_ws/src/ai_motor_controller/src/lemniscate.cpp:[m[K In member function â€˜[01m[Kvoid OffboardControl::[01;32m[KrvolmeaControl[m[K()[m[Kâ€™:
[35.211s] [01m[K/home/lunet/ttcc4/direct_motor_control_ws/src/ai_motor_controller/src/lemniscate.cpp:657:48:[m[K [01;31m[Kerror: [m[Kâ€˜[01m[Kintegrator_dt[m[Kâ€™ was not declared in this scope
[35.212s]   657 |     if (e_p.norm() < yaw_p) sum_e_pos += e_p * [01;31m[Kintegrator_dt[m[K;
[35.212s]       |                                                [01;31m[K^~~~~~~~~~~~~[m[K
[35.212s] [01m[K/home/lunet/ttcc4/direct_motor_control_ws/src/ai_motor_controller/src/lemniscate.cpp:669:56:[m[K [01;31m[Kerror: [m[Kâ€˜[01m[Kintegrator_dt[m[Kâ€™ was not declared in this scope
[35.213s]   669 |     dist_raw += alpha * (linear_velocity - prev_vel) * [01;31m[Kintegrator_dt[m[K;
[35.213s]       |                                                        [01;31m[K^~~~~~~~~~~~~[m[K
[35.213s] [01m[K/home/lunet/ttcc4/direct_motor_control_ws/src/ai_motor_controller/src/lemniscate.cpp:675:62:[m[K [01;31m[Kerror: [m[Kâ€˜[01m[KGz[m[Kâ€™ was not declared in this scope
[35.213s]   675 |     Eigen::Vector3f a_des = a_pos + Eigen::Vector3f(0.0,0.0,-[01;31m[KGz[m[K) - dist_filt;
[35.213s]       |                                                              [01;31m[K^~[m[K
[35.213s] [01m[K/home/lunet/ttcc4/direct_motor_control_ws/src/ai_motor_controller/src/lemniscate.cpp:677:25:[m[K [01;31m[Kerror: [m[Kâ€˜[01m[Kmax_thrust[m[Kâ€™ was not declared in this scope; did you mean â€˜[01m[Kthrust[m[Kâ€™?
[35.213s]   677 |     float Tmax = 4.0f * [01;31m[Kmax_thrust[m[K;
[35.214s]       |                         [01;31m[K^~~~~~~~~~[m[K
[35.214s]       |                         [32m[Kthrust[m[K
[35.214s] [01m[K/home/lunet/ttcc4/direct_motor_control_ws/src/ai_motor_controller/src/lemniscate.cpp:696:18:[m[K [01;31m[Kerror: [m[Kâ€˜[01m[Kaw_p[m[Kâ€™ was not declared in this scope; did you mean â€˜[01m[Kaw_a[m[Kâ€™?
[35.214s]   696 |     float aw_a = [01;31m[Kaw_p[m[K;
[35.214s]       |                  [01;31m[K^~~~[m[K
[35.214s]       |                  [32m[Kaw_a[m[K
[35.228s] gmake[2]: *** [CMakeFiles/lemniscate.dir/build.make:76: CMakeFiles/lemniscate.dir/src/lemniscate.cpp.o] Error 1
[35.228s] gmake[1]: *** [CMakeFiles/Makefile2:139: CMakeFiles/lemniscate.dir/all] Error 2
[35.229s] gmake: *** [Makefile:146: all] Error 2
[35.251s] Invoked command in '/home/lunet/ttcc4/direct_motor_control_ws/build/ai_motor_controller' returned '2': CMAKE_PREFIX_PATH=${CMAKE_PREFIX_PATH}:/opt/ros/rolling CONDA_PROMPT_MODIFIER=(base) DEBUGINFOD_URLS=https://debuginfod.ubuntu.com /home/lunet/ttcc4/anaconda3/bin/cmake --build /home/lunet/ttcc4/direct_motor_control_ws/build/ai_motor_controller -- -j8 -l8
