[ 50%] Built target wrench
[ 75%] [32mBuilding CXX object CMakeFiles/lemniscate.dir/src/lemniscate.cpp.o[0m
[01m[K/home/lunet/ttcc4/direct_motor_control_ws/src/ai_motor_controller/src/lemniscate.cpp:[m[K In member function â€˜[01m[Kvoid OffboardControl::[01;32m[KrvolmeaControl[m[K()[m[Kâ€™:
[01m[K/home/lunet/ttcc4/direct_motor_control_ws/src/ai_motor_controller/src/lemniscate.cpp:610:37:[m[K [01;31m[Kerror: [m[Kâ€˜[01m[Kgoal_position[m[Kâ€™ was not declared in this scope; did you mean â€˜[01m[Klocal_position_x_[m[Kâ€™?
  610 |     Eigen::Vector3d goal_pos_pred = [01;31m[Kgoal_position[m[K + coefs[9] * (goal_position - position);
      |                                     [01;31m[K^~~~~~~~~~~~~[m[K
      |                                     [32m[Klocal_position_x_[m[K
[01m[K/home/lunet/ttcc4/direct_motor_control_ws/src/ai_motor_controller/src/lemniscate.cpp:626:56:[m[K [01;31m[Kerror: [m[Kâ€˜[01m[Kvel_mag[m[Kâ€™ was not declared in this scope
  626 |         std::cout << "[DEBUG] Velocity Magnitude: " << [01;31m[Kvel_mag[m[K << "\n";
      |                                                        [01;31m[K^~~~~~~[m[K
[01m[K/home/lunet/ttcc4/direct_motor_control_ws/src/ai_motor_controller/src/lemniscate.cpp:627:65:[m[K [01;31m[Kerror: [m[Kâ€˜[01m[Kcurrent_sliding_window_size[m[Kâ€™ was not declared in this scope
  627 |         std::cout << "[DEBUG] Updated Sliding Window Size: " << [01;31m[Kcurrent_sliding_window_size[m[K << "\n";
      |                                                                 [01;31m[K^~~~~~~~~~~~~~~~~~~~~~~~~~~[m[K
[01m[K/home/lunet/ttcc4/direct_motor_control_ws/src/ai_motor_controller/src/lemniscate.cpp:652:8:[m[K [01;31m[Kerror: [m[Kâ€˜[01m[Kts[m[Kâ€™ was not declared in this scope; did you mean â€˜[01m[Kt[m[Kâ€™?
  652 |     if([01;31m[Kts[m[K > 0)
      |        [01;31m[K^~[m[K
      |        [32m[Kt[m[K
[01m[K/home/lunet/ttcc4/direct_motor_control_ws/src/ai_motor_controller/src/lemniscate.cpp:670:21:[m[K [01;31m[Kerror: [m[Kredeclaration of â€˜[01m[KEigen::Vector3f thrust_direction[m[Kâ€™
  670 |     Eigen::Vector3f [01;31m[Kthrust_direction[m[K = (norm_acc > 1e-6f) ? (target_acceleration / norm_acc) : Eigen::Vector3f(0.0f, 0.0f, 1.0f);
      |                     [01;31m[K^~~~~~~~~~~~~~~~[m[K
[01m[K/home/lunet/ttcc4/direct_motor_control_ws/src/ai_motor_controller/src/lemniscate.cpp:667:21:[m[K [01;36m[Knote: [m[Kâ€˜[01m[KEigen::Vector3f thrust_direction[m[Kâ€™ previously declared here
  667 |     Eigen::Vector3f [01;36m[Kthrust_direction[m[K = target_acceleration.normalized();
      |                     [01;36m[K^~~~~~~~~~~~~~~~[m[K
[01m[K/home/lunet/ttcc4/direct_motor_control_ws/src/ai_motor_controller/src/lemniscate.cpp:704:49:[m[K [01;31m[Kerror: [m[Kâ€˜[01m[Kstate_omega[m[Kâ€™ was not declared in this scope
  704 |         std::cout << "[DEBUG] State Omega: " << [01;31m[Kstate_omega[m[K.transpose() << "\n";
      |                                                 [01;31m[K^~~~~~~~~~~[m[K
[01m[K/home/lunet/ttcc4/direct_motor_control_ws/src/ai_motor_controller/src/lemniscate.cpp:715:39:[m[K [01;31m[Kerror: [m[Kâ€˜[01m[Kmax_thrust[m[Kâ€™ was not declared in this scope; did you mean â€˜[01m[Kmin_thrust[m[Kâ€™?
  715 |     constexpr double max_thrust_val = [01;31m[Kmax_thrust[m[K*4.0;
      |                                       [01;31m[K^~~~~~~~~~[m[K
      |                                       [32m[Kmin_thrust[m[K
gmake[2]: *** [CMakeFiles/lemniscate.dir/build.make:76: CMakeFiles/lemniscate.dir/src/lemniscate.cpp.o] Error 1
gmake[1]: *** [CMakeFiles/Makefile2:139: CMakeFiles/lemniscate.dir/all] Error 2
gmake: *** [Makefile:146: all] Error 2
