[0.013s] Invoking command in '/home/lunet/ttcc4/direct_motor_control_ws/build/ai_motor_controller': CMAKE_PREFIX_PATH=${CMAKE_PREFIX_PATH}:/opt/ros/rolling CONDA_PROMPT_MODIFIER=(base) DEBUGINFOD_URLS=https://debuginfod.ubuntu.com /home/lunet/ttcc4/anaconda3/bin/cmake --build /home/lunet/ttcc4/direct_motor_control_ws/build/ai_motor_controller -- -j8 -l8
[0.130s] -- Found ament_cmake: 2.8.4 (/opt/ros/rolling/share/ament_cmake/cmake)
[0.225s] -- Found builtin_interfaces: 2.4.2 (/opt/ros/rolling/share/builtin_interfaces/cmake)
[0.264s] -- Found rosidl_generator_c: 5.0.1 (/opt/ros/rolling/share/rosidl_generator_c/cmake)
[0.271s] -- Found rosidl_generator_cpp: 5.0.1 (/opt/ros/rolling/share/rosidl_generator_cpp/cmake)
[0.282s] -- Using all available rosidl_typesupport_c: rosidl_typesupport_fastrtps_c;rosidl_typesupport_introspection_c
[0.294s] -- Using all available rosidl_typesupport_cpp: rosidl_typesupport_fastrtps_cpp;rosidl_typesupport_introspection_cpp
[0.303s] -- Found eigen3_cmake_module: 0.5.1 (/opt/ros/rolling/share/eigen3_cmake_module/cmake)
[0.305s] -- Found px4_msgs: 2.0.1 (/home/lunet/ttcc4/ws_sensor_combined/install/px4_msgs/share/px4_msgs/cmake)
[0.341s] -- Found rclcpp: 30.1.0 (/opt/ros/rolling/share/rclcpp/cmake)
[0.382s] -- Found rmw_implementation_cmake: 7.9.0 (/opt/ros/rolling/share/rmw_implementation_cmake/cmake)
[0.385s] -- Found rmw_fastrtps_cpp: 9.4.2 (/opt/ros/rolling/share/rmw_fastrtps_cpp/cmake)
[0.441s] -- Using RMW implementation 'rmw_fastrtps_cpp' as default
[0.518s] -- Found px4_ros_com: 0.1.0 (/home/lunet/ttcc4/ws_sensor_combined/install/px4_ros_com/share/px4_ros_com/cmake)
[0.586s] [0mCMake Deprecation Warning at /opt/ros/rolling/share/ament_cmake_target_dependencies/cmake/ament_target_dependencies.cmake:87 (message):
[0.586s]   ament_target_dependencies() is deprecated.  Use target_link_libraries()
[0.586s]   with modern CMake targets instead.  Try replacing this call with:
[0.586s] 
[0.586s]     target_link_libraries(lemniscate PUBLIC
[0.586s]       ${px4_msgs_TARGETS}
[0.586s]       px4_ros_com::frame_transforms
[0.587s]       rclcpp::rclcpp
[0.587s]     )
[0.587s] 
[0.587s] Call Stack (most recent call first):
[0.587s]   CMakeLists.txt:33 (ament_target_dependencies)
[0.587s] 
[0.587s] [0m
[0.587s] [0mCMake Deprecation Warning at /opt/ros/rolling/share/ament_cmake_target_dependencies/cmake/ament_target_dependencies.cmake:87 (message):
[0.587s]   ament_target_dependencies() is deprecated.  Use target_link_libraries()
[0.587s]   with modern CMake targets instead.  Try replacing this call with:
[0.587s] 
[0.587s]     target_link_libraries(wrench PUBLIC
[0.588s]       ${px4_msgs_TARGETS}
[0.588s]       px4_ros_com::frame_transforms
[0.588s]       rclcpp::rclcpp
[0.588s]     )
[0.588s] 
[0.588s] Call Stack (most recent call first):
[0.588s]   CMakeLists.txt:40 (ament_target_dependencies)
[0.588s] 
[0.588s] [0m
[0.589s] -- Found ament_lint_auto: 0.20.2 (/opt/ros/rolling/share/ament_lint_auto/cmake)
[0.678s] -- Added test 'copyright' to check source files copyright and LICENSE
[0.681s] -- Added test 'cppcheck' to perform static code analysis on C / C++ code
[0.681s] -- Configured cppcheck include dirs: /home/lunet/ttcc4/direct_motor_control_ws/src/ai_motor_controller/include
[0.681s] -- Configured cppcheck exclude dirs and/or files: 
[0.682s] -- Added test 'cpplint' to check C / C++ code against the Google style
[0.683s] -- Configured cpplint exclude dirs and/or files: 
[0.683s] -- Added test 'flake8' to check Python code syntax and style conventions
[0.683s] -- Configured 'flake8' exclude dirs and/or files: 
[0.684s] -- Added test 'lint_cmake' to check CMake code style
[0.684s] -- Added test 'pep257' to check Python code against some of the docstring style conventions in PEP 257
[0.685s] -- Added test 'uncrustify' to check C / C++ code style
[0.685s] -- Configured uncrustify additional arguments: 
[0.686s] -- Added test 'xmllint' to check XML markup files
[0.688s] -- Configuring done (0.6s)
[0.711s] -- Generating done (0.0s)
[0.719s] -- Build files have been written to: /home/lunet/ttcc4/direct_motor_control_ws/build/ai_motor_controller
[0.781s] [ 50%] [32mBuilding CXX object CMakeFiles/wrench.dir/src/wrench_disturbance.cpp.o[0m
[0.781s] [ 50%] [32mBuilding CXX object CMakeFiles/lemniscate.dir/src/lemniscate.cpp.o[0m
[15.678s] [01m[K/home/lunet/ttcc4/direct_motor_control_ws/src/ai_motor_controller/src/lemniscate.cpp:425:21:[m[K [01;31m[Kerror: [m[Kredeclaration of â€˜[01m[Kfloat OffboardControl::x_prev[m[Kâ€™
[15.678s]   425 |     float x_prev=0.0[01;31m[K,[m[K y_prev=0.0, z_prev=0.0;
[15.678s]       |                     [01;31m[K^[m[K
[15.678s] [01m[K/home/lunet/ttcc4/direct_motor_control_ws/src/ai_motor_controller/src/lemniscate.cpp:379:11:[m[K [01;36m[Knote: [m[Kprevious declaration â€˜[01m[Kfloat OffboardControl::x_prev[m[Kâ€™
[15.678s]   379 |     float [01;36m[Kx_prev[m[K = 0.0;
[15.678s]       |           [01;36m[K^~~~~~[m[K
[15.678s] [01m[K/home/lunet/ttcc4/direct_motor_control_ws/src/ai_motor_controller/src/lemniscate.cpp:425:33:[m[K [01;31m[Kerror: [m[Kredeclaration of â€˜[01m[Kfloat OffboardControl::y_prev[m[Kâ€™
[15.678s]   425 |     float x_prev=0.0, y_prev=0.0[01;31m[K,[m[K z_prev=0.0;
[15.678s]       |                                 [01;31m[K^[m[K
[15.678s] [01m[K/home/lunet/ttcc4/direct_motor_control_ws/src/ai_motor_controller/src/lemniscate.cpp:380:11:[m[K [01;36m[Knote: [m[Kprevious declaration â€˜[01m[Kfloat OffboardControl::y_prev[m[Kâ€™
[15.678s]   380 |     float [01;36m[Ky_prev[m[K = 0.0;
[15.678s]       |           [01;36m[K^~~~~~[m[K
[15.679s] [01m[K/home/lunet/ttcc4/direct_motor_control_ws/src/ai_motor_controller/src/lemniscate.cpp:[m[K In function â€˜[01m[Kvoid[01;32m[K update_mass_estimate[m[K(float, float, float, float)[m[Kâ€™:
[15.679s] [01m[K/home/lunet/ttcc4/direct_motor_control_ws/src/ai_motor_controller/src/lemniscate.cpp:476:5:[m[K [01;31m[Kerror: [m[Kâ€˜[01m[Km_est[m[Kâ€™ was not declared in this scope
[15.679s]   476 |     [01;31m[Km_est[m[K += m_dot * dt;
[15.679s]       |     [01;31m[K^~~~~[m[K
[15.679s] [01m[K/home/lunet/ttcc4/direct_motor_control_ws/src/ai_motor_controller/src/lemniscate.cpp:477:31:[m[K [01;31m[Kerror: [m[Kâ€˜[01m[Kmass[m[Kâ€™ was not declared in this scope
[15.679s]   477 |     m_est = std::clamp(m_est, [01;31m[Kmass[m[K*0.5f, mass*2.0f);
[15.679s]       |                               [01;31m[K^~~~[m[K
[15.679s] [01m[K/home/lunet/ttcc4/direct_motor_control_ws/src/ai_motor_controller/src/lemniscate.cpp:[m[K In member function â€˜[01m[Kvoid OffboardControl::[01;32m[KrvolmeaControl[m[K()[m[Kâ€™:
[15.679s] [01m[K/home/lunet/ttcc4/direct_motor_control_ws/src/ai_motor_controller/src/lemniscate.cpp:636:21:[m[K [01;31m[Kerror: [m[Kâ€˜[01m[Kypr[m[Kâ€™ was not declared in this scope
[15.679s]   636 |         yaw_sp_prev=[01;31m[Kypr[m[K[0];
[15.679s]       |                     [01;31m[K^~~[m[K
[15.679s] [01m[K/home/lunet/ttcc4/direct_motor_control_ws/src/ai_motor_controller/src/lemniscate.cpp:639:19:[m[K [01;31m[Kerror: [m[Kâ€˜[01m[Kgoal_position[m[Kâ€™ was not declared in this scope; did you mean â€˜[01m[Klocal_position_x_[m[Kâ€™?
[15.679s]   639 |         prev_goal=[01;31m[Kgoal_position[m[K;
[15.679s]       |                   [01;31m[K^~~~~~~~~~~~~[m[K
[15.679s]       |                   [32m[Klocal_position_x_[m[K
[15.679s] [01m[K/home/lunet/ttcc4/direct_motor_control_ws/src/ai_motor_controller/src/lemniscate.cpp:641:18:[m[K [01;31m[Kerror: [m[Kâ€˜[01m[Klinear_velocity[m[Kâ€™ was not declared in this scope
[15.679s]   641 |         vel_prev=[01;31m[Klinear_velocity[m[K;
[15.679s]       |                  [01;31m[K^~~~~~~~~~~~~~~[m[K
[15.680s] [01m[K/home/lunet/ttcc4/direct_motor_control_ws/src/ai_motor_controller/src/lemniscate.cpp:681:23:[m[K [01;31m[Kerror: [m[Kno matching function for call to â€˜[01m[Kclamp(float, double, double)[m[Kâ€™
[15.680s]   681 |     z_int = [01;31m[Kstd::clamp(z_int + z_err*dt, -1.0,1.0)[m[K;
[15.680s]       |             [01;31m[K~~~~~~~~~~^~~~~~~~~~~~~~~~~~~~~~~~~~~~[m[K
[15.680s] In file included from [01m[K/usr/include/c++/13/algorithm:61[m[K,
[15.680s]                  from [01m[K/home/lunet/ttcc4/ws_sensor_combined/install/px4_msgs/include/px4_msgs/px4_msgs/msg/detail/offboard_control_mode__struct.hpp:11[m[K,
[15.680s]                  from [01m[K/home/lunet/ttcc4/ws_sensor_combined/install/px4_msgs/include/px4_msgs/px4_msgs/msg/offboard_control_mode.hpp:7[m[K,
[15.680s]                  from [01m[K/home/lunet/ttcc4/direct_motor_control_ws/src/ai_motor_controller/src/lemniscate.cpp:1[m[K:
[15.680s] [01m[K/usr/include/c++/13/bits/stl_algo.h:3667:5:[m[K [01;36m[Knote: [m[Kcandidate: â€˜[01m[Ktemplate<class _Tp> constexpr const _Tp& std::[01;32m[Kclamp[m[K(const _Tp&, const _Tp&, const _Tp&)[m[Kâ€™
[15.680s]  3667 |     [01;36m[Kclamp[m[K(const _Tp& __val, const _Tp& __lo, const _Tp& __hi)
[15.680s]       |     [01;36m[K^~~~~[m[K
[15.680s] [01m[K/usr/include/c++/13/bits/stl_algo.h:3667:5:[m[K [01;36m[Knote: [m[K  template argument deduction/substitution failed:
[15.680s] [01m[K/home/lunet/ttcc4/direct_motor_control_ws/src/ai_motor_controller/src/lemniscate.cpp:681:23:[m[K [01;36m[Knote: [m[K  deduced conflicting types for parameter â€˜[01m[Kconst _Tp[m[Kâ€™ (â€˜[01m[Kfloat[m[Kâ€™ and â€˜[01m[Kdouble[m[Kâ€™)
[15.680s]   681 |     z_int = [01;36m[Kstd::clamp(z_int + z_err*dt, -1.0,1.0)[m[K;
[15.681s]       |             [01;36m[K~~~~~~~~~~^~~~~~~~~~~~~~~~~~~~~~~~~~~~[m[K
[15.681s] [01m[K/usr/include/c++/13/bits/stl_algo.h:3687:5:[m[K [01;36m[Knote: [m[Kcandidate: â€˜[01m[Ktemplate<class _Tp, class _Compare> constexpr const _Tp& std::[01;32m[Kclamp[m[K(const _Tp&, const _Tp&, const _Tp&, _Compare)[m[Kâ€™
[15.681s]  3687 |     [01;36m[Kclamp[m[K(const _Tp& __val, const _Tp& __lo, const _Tp& __hi, _Compare __comp)
[15.681s]       |     [01;36m[K^~~~~[m[K
[15.681s] [01m[K/usr/include/c++/13/bits/stl_algo.h:3687:5:[m[K [01;36m[Knote: [m[K  template argument deduction/substitution failed:
[15.681s] [01m[K/home/lunet/ttcc4/direct_motor_control_ws/src/ai_motor_controller/src/lemniscate.cpp:681:23:[m[K [01;36m[Knote: [m[K  deduced conflicting types for parameter â€˜[01m[Kconst _Tp[m[Kâ€™ (â€˜[01m[Kfloat[m[Kâ€™ and â€˜[01m[Kdouble[m[Kâ€™)
[15.681s]   681 |     z_int = [01;36m[Kstd::clamp(z_int + z_err*dt, -1.0,1.0)[m[K;
[15.681s]       |             [01;36m[K~~~~~~~~~~^~~~~~~~~~~~~~~~~~~~~~~~~~~~[m[K
[15.681s] [01m[K/home/lunet/ttcc4/direct_motor_control_ws/src/ai_motor_controller/src/lemniscate.cpp:682:81:[m[K [01;31m[Kerror: [m[Kâ€˜[01m[Klinear_velocity[m[Kâ€™ was not declared in this scope; did you mean â€˜[01m[Kangular_velocity[m[Kâ€™?
[15.681s]   682 |     float u_z = coefs[1]*z_err + coefs[2]*dz_err + coefs[3]*z_int + ff[2] - cdz*[01;31m[Klinear_velocity[m[K[2];
[15.682s]       |                                                                                 [01;31m[K^~~~~~~~~~~~~~~[m[K
[15.682s]       |                                                                                 [32m[Kangular_velocity[m[K
[15.682s] [01m[K/home/lunet/ttcc4/direct_motor_control_ws/src/ai_motor_controller/src/lemniscate.cpp:690:23:[m[K [01;31m[Kerror: [m[Kno matching function for call to â€˜[01m[Kclamp(float, double, double)[m[Kâ€™
[15.682s]   690 |     x_int = [01;31m[Kstd::clamp(x_int + x_err*dt, -1.0,1.0)[m[K;
[15.682s]       |             [01;31m[K~~~~~~~~~~^~~~~~~~~~~~~~~~~~~~~~~~~~~~[m[K
[15.682s] [01m[K/usr/include/c++/13/bits/stl_algo.h:3667:5:[m[K [01;36m[Knote: [m[Kcandidate: â€˜[01m[Ktemplate<class _Tp> constexpr const _Tp& std::[01;32m[Kclamp[m[K(const _Tp&, const _Tp&, const _Tp&)[m[Kâ€™
[15.682s]  3667 |     [01;36m[Kclamp[m[K(const _Tp& __val, const _Tp& __lo, const _Tp& __hi)
[15.682s]       |     [01;36m[K^~~~~[m[K
[15.682s] [01m[K/usr/include/c++/13/bits/stl_algo.h:3667:5:[m[K [01;36m[Knote: [m[K  template argument deduction/substitution failed:
[15.682s] [01m[K/home/lunet/ttcc4/direct_motor_control_ws/src/ai_motor_controller/src/lemniscate.cpp:690:23:[m[K [01;36m[Knote: [m[K  deduced conflicting types for parameter â€˜[01m[Kconst _Tp[m[Kâ€™ (â€˜[01m[Kfloat[m[Kâ€™ and â€˜[01m[Kdouble[m[Kâ€™)
[15.682s]   690 |     x_int = [01;36m[Kstd::clamp(x_int + x_err*dt, -1.0,1.0)[m[K;
[15.682s]       |             [01;36m[K~~~~~~~~~~^~~~~~~~~~~~~~~~~~~~~~~~~~~~[m[K
[15.682s] [01m[K/usr/include/c++/13/bits/stl_algo.h:3687:5:[m[K [01;36m[Knote: [m[Kcandidate: â€˜[01m[Ktemplate<class _Tp, class _Compare> constexpr const _Tp& std::[01;32m[Kclamp[m[K(const _Tp&, const _Tp&, const _Tp&, _Compare)[m[Kâ€™
[15.682s]  3687 |     [01;36m[Kclamp[m[K(const _Tp& __val, const _Tp& __lo, const _Tp& __hi, _Compare __comp)
[15.682s]       |     [01;36m[K^~~~~[m[K
[15.682s] [01m[K/usr/include/c++/13/bits/stl_algo.h:3687:5:[m[K [01;36m[Knote: [m[K  template argument deduction/substitution failed:
[15.682s] [01m[K/home/lunet/ttcc4/direct_motor_control_ws/src/ai_motor_controller/src/lemniscate.cpp:690:23:[m[K [01;36m[Knote: [m[K  deduced conflicting types for parameter â€˜[01m[Kconst _Tp[m[Kâ€™ (â€˜[01m[Kfloat[m[Kâ€™ and â€˜[01m[Kdouble[m[Kâ€™)
[15.682s]   690 |     x_int = [01;36m[Kstd::clamp(x_int + x_err*dt, -1.0,1.0)[m[K;
[15.683s]       |             [01;36m[K~~~~~~~~~~^~~~~~~~~~~~~~~~~~~~~~~~~~~~[m[K
[15.683s] [01m[K/home/lunet/ttcc4/direct_motor_control_ws/src/ai_motor_controller/src/lemniscate.cpp:698:23:[m[K [01;31m[Kerror: [m[Kno matching function for call to â€˜[01m[Kclamp(float, double, double)[m[Kâ€™
[15.683s]   698 |     y_int = [01;31m[Kstd::clamp(y_int + y_err*dt, -1.0,1.0)[m[K;
[15.683s]       |             [01;31m[K~~~~~~~~~~^~~~~~~~~~~~~~~~~~~~~~~~~~~~[m[K
[15.683s] [01m[K/usr/include/c++/13/bits/stl_algo.h:3667:5:[m[K [01;36m[Knote: [m[Kcandidate: â€˜[01m[Ktemplate<class _Tp> constexpr const _Tp& std::[01;32m[Kclamp[m[K(const _Tp&, const _Tp&, const _Tp&)[m[Kâ€™
[15.683s]  3667 |     [01;36m[Kclamp[m[K(const _Tp& __val, const _Tp& __lo, const _Tp& __hi)
[15.683s]       |     [01;36m[K^~~~~[m[K
[15.683s] [01m[K/usr/include/c++/13/bits/stl_algo.h:3667:5:[m[K [01;36m[Knote: [m[K  template argument deduction/substitution failed:
[15.683s] [01m[K/home/lunet/ttcc4/direct_motor_control_ws/src/ai_motor_controller/src/lemniscate.cpp:698:23:[m[K [01;36m[Knote: [m[K  deduced conflicting types for parameter â€˜[01m[Kconst _Tp[m[Kâ€™ (â€˜[01m[Kfloat[m[Kâ€™ and â€˜[01m[Kdouble[m[Kâ€™)
[15.683s]   698 |     y_int = [01;36m[Kstd::clamp(y_int + y_err*dt, -1.0,1.0)[m[K;
[15.683s]       |             [01;36m[K~~~~~~~~~~^~~~~~~~~~~~~~~~~~~~~~~~~~~~[m[K
[15.683s] [01m[K/usr/include/c++/13/bits/stl_algo.h:3687:5:[m[K [01;36m[Knote: [m[Kcandidate: â€˜[01m[Ktemplate<class _Tp, class _Compare> constexpr const _Tp& std::[01;32m[Kclamp[m[K(const _Tp&, const _Tp&, const _Tp&, _Compare)[m[Kâ€™
[15.683s]  3687 |     [01;36m[Kclamp[m[K(const _Tp& __val, const _Tp& __lo, const _Tp& __hi, _Compare __comp)
[15.683s]       |     [01;36m[K^~~~~[m[K
[15.683s] [01m[K/usr/include/c++/13/bits/stl_algo.h:3687:5:[m[K [01;36m[Knote: [m[K  template argument deduction/substitution failed:
[15.683s] [01m[K/home/lunet/ttcc4/direct_motor_control_ws/src/ai_motor_controller/src/lemniscate.cpp:698:23:[m[K [01;36m[Knote: [m[K  deduced conflicting types for parameter â€˜[01m[Kconst _Tp[m[Kâ€™ (â€˜[01m[Kfloat[m[Kâ€™ and â€˜[01m[Kdouble[m[Kâ€™)
[15.683s]   698 |     y_int = [01;36m[Kstd::clamp(y_int + y_err*dt, -1.0,1.0)[m[K;
[15.683s]       |             [01;36m[K~~~~~~~~~~^~~~~~~~~~~~~~~~~~~~~~~~~~~~[m[K
[15.683s] [01m[K/home/lunet/ttcc4/direct_motor_control_ws/src/ai_motor_controller/src/lemniscate.cpp:738:28:[m[K [01;31m[Kerror: [m[Kâ€˜[01m[Kypr[m[Kâ€™ was not declared in this scope
[15.683s]   738 |     float roll_err=roll_sp-[01;31m[Kypr[m[K[2];
[15.684s]       |                            [01;31m[K^~~[m[K
[15.684s] In file included from [01m[K/usr/include/eigen3/Eigen/Core:164[m[K,
[15.684s]                  from [01m[K/usr/include/eigen3/Eigen/Dense:1[m[K,
[15.684s]                  from [01m[K/home/lunet/ttcc4/direct_motor_control_ws/src/ai_motor_controller/src/lemniscate.cpp:23[m[K:
[15.684s] /usr/include/eigen3/Eigen/src/Core/PlainObjectBase.h: In instantiation of â€˜[01m[KEigen::PlainObjectBase<Derived>::[01;32m[KPlainObjectBase[m[K(const Scalar&, const Scalar&, const Scalar&, const Scalar&, const ArgTypes& ...) [35m[K[with ArgTypes = {double, double, double, double, double, double, double, double, double, double, double, double, double, double, double, double, double, double, double, double, double, double, double}; Derived = Eigen::Matrix<float, 28, 1, 0, 28, 1>; Scalar = float][m[K[m[Kâ€™:
[15.684s] [01m[K/usr/include/eigen3/Eigen/src/Core/Matrix.h:297:37:[m[K   required from â€˜[01m[KEigen::Matrix<_Scalar, _Rows, _Cols, _Options, _MaxRows, _MaxCols>::[01;32m[KMatrix[m[K(const Scalar&, const Scalar&, const Scalar&, const Scalar&, const ArgTypes& ...) [35m[K[with ArgTypes = {double, double, double, double, double, double, double, double, double, double, double, double, double, double, double, double, double, double, double, double, double, double, double}; _Scalar = float; int _Rows = 28; int _Cols = 1; int _Options = 0; int _MaxRows = 28; int _MaxCols = 1; Scalar = float][m[K[m[Kâ€™
[15.684s] [01m[K/home/lunet/ttcc4/direct_motor_control_ws/src/ai_motor_controller/src/lemniscate.cpp:655:5:[m[K   required from here
[15.684s] [01m[K/usr/include/eigen3/Eigen/src/Core/PlainObjectBase.h:538:7:[m[K [01;31m[Kerror: [m[Kstatic assertion failed: THIS_METHOD_IS_ONLY_FOR_VECTORS_OF_A_SPECIFIC_SIZE
[15.684s]   538 |       [01;31m[KE[m[KIGEN_STATIC_ASSERT_VECTOR_SPECIFIC_SIZE(PlainObjectBase, sizeof...(args) + 4);
[15.684s]       |       [01;31m[K^[m[K
[15.684s] [01m[K/usr/include/eigen3/Eigen/src/Core/PlainObjectBase.h:538:7:[m[K [01;36m[Knote: [m[Kthe comparison reduces to â€˜[01m[K(28 == 27)[m[Kâ€™
[15.684s] gmake[2]: *** [CMakeFiles/lemniscate.dir/build.make:76: CMakeFiles/lemniscate.dir/src/lemniscate.cpp.o] Error 1
[15.684s] gmake[1]: *** [CMakeFiles/Makefile2:139: CMakeFiles/lemniscate.dir/all] Error 2
[15.684s] gmake[1]: *** Waiting for unfinished jobs....
[29.613s] [ 75%] [32m[1mLinking CXX executable wrench[0m
[30.940s] [ 75%] Built target wrench
[30.941s] gmake: *** [Makefile:146: all] Error 2
[30.947s] Invoked command in '/home/lunet/ttcc4/direct_motor_control_ws/build/ai_motor_controller' returned '2': CMAKE_PREFIX_PATH=${CMAKE_PREFIX_PATH}:/opt/ros/rolling CONDA_PROMPT_MODIFIER=(base) DEBUGINFOD_URLS=https://debuginfod.ubuntu.com /home/lunet/ttcc4/anaconda3/bin/cmake --build /home/lunet/ttcc4/direct_motor_control_ws/build/ai_motor_controller -- -j8 -l8
