[ 50%] Built target wrench
[ 75%] [32mBuilding CXX object CMakeFiles/lemniscate.dir/src/lemniscate.cpp.o[0m
[01m[K/home/lunet/ttcc4/direct_motor_control_ws/src/ai_motor_controller/src/lemniscate.cpp:[m[K In member function â€˜[01m[Kvoid OffboardControl::[01;32m[Kcalculate_thrust_torque_setpoint[m[K()[m[Kâ€™:
[01m[K/home/lunet/ttcc4/direct_motor_control_ws/src/ai_motor_controller/src/lemniscate.cpp:878:63:[m[K [01;31m[Kerror: [m[Kâ€˜[01m[Klemniscate[m[Kâ€™ was not declared in this scope
  878 |     if (debug) std::cout << "[DEBUG] X error: " << x_error[0][[01;31m[Klemniscate[m[K-1] [DEBUG] Position control acceleration (a_pos): 634.198 -624.92 205.666
      |                                                               [01;31m[K^~~~~~~~~~[m[K
[01m[K/home/lunet/ttcc4/direct_motor_control_ws/src/ai_motor_controller/src/lemniscate.cpp:878:78:[m[K [01;31m[Kerror: [m[Kâ€˜[01m[KDEBUG[m[Kâ€™ was not declared in this scope
  878 |     if (debug) std::cout << "[DEBUG] X error: " << x_error[0][lemniscate-1] [[01;31m[KDEBUG[m[K] Position control acceleration (a_pos): 634.198 -624.92 205.666
      |                                                                              [01;31m[K^~~~~[m[K
gmake[2]: *** [CMakeFiles/lemniscate.dir/build.make:76: CMakeFiles/lemniscate.dir/src/lemniscate.cpp.o] Error 1
gmake[1]: *** [CMakeFiles/Makefile2:139: CMakeFiles/lemniscate.dir/all] Error 2
gmake: *** [Makefile:146: all] Error 2
