[ 50%] Built target wrench
[ 75%] [32mBuilding CXX object CMakeFiles/lemniscate.dir/src/lemniscate.cpp.o[0m
[01m[K/home/lunet/ttcc4/direct_motor_control_ws/src/ai_motor_controller/src/lemniscate.cpp:[m[K In member function â€˜[01m[Kvoid OffboardControl::[01;32m[Kpublish_thrust_torque_setpoint[m[K(Eigen::Vector<float, 4>)[m[Kâ€™:
[01m[K/home/lunet/ttcc4/direct_motor_control_ws/src/ai_motor_controller/src/lemniscate.cpp:479:49:[m[K [01;31m[Kerror: [m[Kâ€˜[01m[Kmax_thrust[m[Kâ€™ was not declared in this scope
  479 |     setpoint[0] = std::clamp(setpoint[0], 0.0f, [01;31m[Kmax_thrust[m[K);
      |                                                 [01;31m[K^~~~~~~~~~[m[K
[01m[K/home/lunet/ttcc4/direct_motor_control_ws/src/ai_motor_controller/src/lemniscate.cpp:[m[K In member function â€˜[01m[Kvoid OffboardControl::[01;32m[KrvolmeaControl[m[K()[m[Kâ€™:
[01m[K/home/lunet/ttcc4/direct_motor_control_ws/src/ai_motor_controller/src/lemniscate.cpp:592:21:[m[K [01;35m[Kwarning: [m[Kunused variable â€˜[01m[Kmax_thrust[m[Kâ€™ [[01;35m[K-Wunused-variable[m[K]
  592 |     constexpr float [01;35m[Kmax_thrust[m[K = 44.0f;
      |                     [01;35m[K^~~~~~~~~~[m[K
gmake[2]: *** [CMakeFiles/lemniscate.dir/build.make:76: CMakeFiles/lemniscate.dir/src/lemniscate.cpp.o] Error 1
gmake[1]: *** [CMakeFiles/Makefile2:139: CMakeFiles/lemniscate.dir/all] Error 2
gmake: *** [Makefile:146: all] Error 2
