[ 50%] Built target wrench
[ 75%] [32mBuilding CXX object CMakeFiles/lemniscate.dir/src/lemniscate.cpp.o[0m
[01m[K/home/lunet/ttcc4/direct_motor_control_ws/src/ai_motor_controller/src/lemniscate.cpp:[m[K In member function â€˜[01m[Kvoid OffboardControl::[01;32m[Kpublish_thrust_torque_setpoint[m[K(Eigen::Vector<float, 4>)[m[Kâ€™:
[01m[K/home/lunet/ttcc4/direct_motor_control_ws/src/ai_motor_controller/src/lemniscate.cpp:516:49:[m[K [01;31m[Kerror: [m[Kâ€˜[01m[Kmax_collective_thrust[m[Kâ€™ was not declared in this scope; did you mean â€˜[01m[Kprev_collective_thrust_[m[Kâ€™?
  516 |     setpoint[0] = std::clamp(setpoint[0], 0.0f, [01;31m[Kmax_collective_thrust[m[K);
      |                                                 [01;31m[K^~~~~~~~~~~~~~~~~~~~~[m[K
      |                                                 [32m[Kprev_collective_thrust_[m[K
[01m[K/home/lunet/ttcc4/direct_motor_control_ws/src/ai_motor_controller/src/lemniscate.cpp:[m[K In member function â€˜[01m[Kvoid OffboardControl::[01;32m[KrvolmeaControl[m[K()[m[Kâ€™:
[01m[K/home/lunet/ttcc4/direct_motor_control_ws/src/ai_motor_controller/src/lemniscate.cpp:695:18:[m[K [01;31m[Kerror: [m[Kâ€˜[01m[Kaw_p[m[Kâ€™ was not declared in this scope; did you mean â€˜[01m[Kaw_a[m[Kâ€™?
  695 |     float aw_a = [01;31m[Kaw_p[m[K;
      |                  [01;31m[K^~~~[m[K
      |                  [32m[Kaw_a[m[K
gmake[2]: *** [CMakeFiles/lemniscate.dir/build.make:76: CMakeFiles/lemniscate.dir/src/lemniscate.cpp.o] Error 1
gmake[1]: *** [CMakeFiles/Makefile2:139: CMakeFiles/lemniscate.dir/all] Error 2
gmake: *** [Makefile:146: all] Error 2
